[debug] [2021-09-14T10:31:57.352Z] ----------------------------------------------------------------------
[debug] [2021-09-14T10:31:57.353Z] Command:       C:\Program Files\nodejs\node.exe C:\Users\DKilf\AppData\Roaming\npm\node_modules\firebase-tools\lib\bin\firebase.js init
[debug] [2021-09-14T10:31:57.353Z] CLI Version:   9.18.0
[debug] [2021-09-14T10:31:57.353Z] Platform:      win32
[debug] [2021-09-14T10:31:57.353Z] Node Version:  v14.16.0
[debug] [2021-09-14T10:31:57.354Z] Time:          Tue Sep 14 2021 22:31:57 GMT+1200 (New Zealand Standard Time)
[debug] [2021-09-14T10:31:57.354Z] ----------------------------------------------------------------------
[debug] 
[debug] [2021-09-14T10:31:57.357Z] > command requires scopes: ["email","openid","https://www.googleapis.com/auth/cloudplatformprojects.readonly","https://www.googleapis.com/auth/firebase","https://www.googleapis.com/auth/cloud-platform"]
[debug] [2021-09-14T10:31:57.357Z] > authorizing via signed-in user (dean.kilfoyle@gmail.com)
[info] 
     ######## #### ########  ######## ########     ###     ######  ########
     ##        ##  ##     ## ##       ##     ##  ##   ##  ##       ##
     ######    ##  ########  ######   ########  #########  ######  ######
     ##        ##  ##    ##  ##       ##     ## ##     ##       ## ##
     ##       #### ##     ## ######## ########  ##     ##  ######  ########

You're about to initialize a Firebase project in this directory:

  C:\code\roster

Before we get started, keep in mind:

  * You are currently outside your home directory

